# JRE version: Java(TM) SE Runtime Environment (8.0_60-b27) (build 1.8.0_60-b27)
# Java VM: Java HotSpot(TM) 64-Bit Server VM (25.60-b23 mixed mode windows-amd64 compressed oops)
Heap:
 PSYoungGen      total 205824K, used 85504K [0x000000076ab00000, 0x0000000797b80000, 0x00000007c0000000)
  eden space 85504K, 100% used [0x000000076ab00000,0x000000076fe80000,0x000000076fe80000)
  from space 120320K, 0% used [0x000000077f200000,0x000000077f200000,0x0000000786780000)
  to   space 249344K, 0% used [0x000000076fe80000,0x000000076fe80000,0x000000077f200000)
 ParOldGen       total 531456K, used 531291K [0x00000006c0000000, 0x00000006e0700000, 0x000000076ab00000)
  object space 531456K, 99% used [0x00000006c0000000,0x00000006e06d6cf0,0x00000006e0700000)
 Metaspace       used 10923K, capacity 11340K, committed 11392K, reserved 1058816K
  class space    used 1246K, capacity 1375K, committed 1408K, reserved 1048576K
GC Heap History (10 events):
Event: 99.652 GC heap after
Heap after GC invocations=78 (full 68):
 PSYoungGen      total 205824K, used 85504K [0x000000076ab00000, 0x0000000797b80000, 0x00000007c0000000)
  eden space 85504K, 100% used [0x000000076ab00000,0x000000076fe80000,0x000000076fe80000)
  from space 120320K, 0% used [0x000000077f200000,0x000000077f200000,0x0000000786780000)
  to   space 249344K, 0% used [0x000000076fe80000,0x000000076fe80000,0x000000077f200000)
 ParOldGen       total 531456K, used 531284K [0x00000006c0000000, 0x00000006e0700000, 0x000000076ab00000)
  object space 531456K, 99% used [0x00000006c0000000,0x00000006e06d5240,0x00000006e0700000)
 Metaspace       used 10923K, capacity 11340K, committed 11392K, reserved 1058816K
  class space    used 1246K, capacity 1375K, committed 1408K, reserved 1048576K
}
Event: 99.653 GC heap before
{Heap before GC invocations=79 (full 69):
 PSYoungGen      total 205824K, used 85504K [0x000000076ab00000, 0x0000000797b80000, 0x00000007c0000000)
  eden space 85504K, 100% used [0x000000076ab00000,0x000000076fe80000,0x000000076fe80000)
  from space 120320K, 0% used [0x000000077f200000,0x000000077f200000,0x0000000786780000)
  to   space 249344K, 0% used [0x000000076fe80000,0x000000076fe80000,0x000000077f200000)
 ParOldGen       total 531456K, used 531286K [0x00000006c0000000, 0x00000006e0700000, 0x000000076ab00000)
  object space 531456K, 99% used [0x00000006c0000000,0x00000006e06d5980,0x00000006e0700000)
 Metaspace       used 10923K, capacity 11340K, committed 11392K, reserved 1058816K
  class space    used 1246K, capacity 1375K, committed 1408K, reserved 1048576K
Event: 100.546 GC heap after
Heap after GC invocations=79 (full 69):
 PSYoungGen      total 205824K, used 85504K [0x000000076ab00000, 0x0000000797b80000, 0x00000007c0000000)
  eden space 85504K, 100% used [0x000000076ab00000,0x000000076fe80000,0x000000076fe80000)
  from space 120320K, 0% used [0x000000077f200000,0x000000077f200000,0x0000000786780000)
  to   space 249344K, 0% used [0x000000076fe80000,0x000000076fe80000,0x000000077f200000)
 ParOldGen       total 531456K, used 531285K [0x00000006c0000000, 0x00000006e0700000, 0x000000076ab00000)
  object space 531456K, 99% used [0x00000006c0000000,0x00000006e06d5738,0x00000006e0700000)
 Metaspace       used 10923K, capacity 11340K, committed 11392K, reserved 1058816K
  class space    used 1246K, capacity 1375K, committed 1408K, reserved 1048576K
}
Event: 100.546 GC heap before
{Heap before GC invocations=80 (full 70):
 PSYoungGen      total 205824K, used 85504K [0x000000076ab00000, 0x0000000797b80000, 0x00000007c0000000)
  eden space 85504K, 100% used [0x000000076ab00000,0x000000076fe80000,0x000000076fe80000)
  from space 120320K, 0% used [0x000000077f200000,0x000000077f200000,0x0000000786780000)
  to   space 249344K, 0% used [0x000000076fe80000,0x000000076fe80000,0x000000077f200000)
 ParOldGen       total 531456K, used 531287K [0x00000006c0000000, 0x00000006e0700000, 0x000000076ab00000)
  object space 531456K, 99% used [0x00000006c0000000,0x00000006e06d5e60,0x00000006e0700000)
 Metaspace       used 10923K, capacity 11340K, committed 11392K, reserved 1058816K
  class space    used 1246K, capacity 1375K, committed 1408K, reserved 1048576K
Event: 101.455 GC heap after
Heap after GC invocations=80 (full 70):
 PSYoungGen      total 205824K, used 85504K [0x000000076ab00000, 0x0000000797b80000, 0x00000007c0000000)
  eden space 85504K, 100% used [0x000000076ab00000,0x000000076fe80000,0x000000076fe80000)
  from space 120320K, 0% used [0x000000077f200000,0x000000077f200000,0x0000000786780000)
  to   space 249344K, 0% used [0x000000076fe80000,0x000000076fe80000,0x000000077f200000)
 ParOldGen       total 531456K, used 531286K [0x00000006c0000000, 0x00000006e0700000, 0x000000076ab00000)
  object space 531456K, 99% used [0x00000006c0000000,0x00000006e06d5bf8,0x00000006e0700000)
 Metaspace       used 10923K, capacity 11340K, committed 11392K, reserved 1058816K
  class space    used 1246K, capacity 1375K, committed 1408K, reserved 1048576K
}
Event: 101.455 GC heap before
{Heap before GC invocations=81 (full 71):
 PSYoungGen      total 205824K, used 85504K [0x000000076ab00000, 0x0000000797b80000, 0x00000007c0000000)
  eden space 85504K, 100% used [0x000000076ab00000,0x000000076fe80000,0x000000076fe80000)
  from space 120320K, 0% used [0x000000077f200000,0x000000077f200000,0x0000000786780000)
  to   space 249344K, 0% used [0x000000076fe80000,0x000000076fe80000,0x000000077f200000)
 ParOldGen       total 531456K, used 531288K [0x00000006c0000000, 0x00000006e0700000, 0x000000076ab00000)
  object space 531456K, 99% used [0x00000006c0000000,0x00000006e06d6320,0x00000006e0700000)
 Metaspace       used 10923K, capacity 11340K, committed 11392K, reserved 1058816K
  class space    used 1246K, capacity 1375K, committed 1408K, reserved 1048576K
Event: 102.296 GC heap after
Heap after GC invocations=81 (full 71):
 PSYoungGen      total 205824K, used 85504K [0x000000076ab00000, 0x0000000797b80000, 0x00000007c0000000)
  eden space 85504K, 100% used [0x000000076ab00000,0x000000076fe80000,0x000000076fe80000)
  from space 120320K, 0% used [0x000000077f200000,0x000000077f200000,0x0000000786780000)
  to   space 249344K, 0% used [0x000000076fe80000,0x000000076fe80000,0x000000077f200000)
 ParOldGen       total 531456K, used 531288K [0x00000006c0000000, 0x00000006e0700000, 0x000000076ab00000)
  object space 531456K, 99% used [0x00000006c0000000,0x00000006e06d6100,0x00000006e0700000)
 Metaspace       used 10923K, capacity 11340K, committed 11392K, reserved 1058816K
  class space    used 1246K, capacity 1375K, committed 1408K, reserved 1048576K
}
Event: 102.296 GC heap before
{Heap before GC invocations=82 (full 72):
 PSYoungGen      total 205824K, used 85504K [0x000000076ab00000, 0x0000000797b80000, 0x00000007c0000000)
  eden space 85504K, 100% used [0x000000076ab00000,0x000000076fe80000,0x000000076fe80000)
  from space 120320K, 0% used [0x000000077f200000,0x000000077f200000,0x0000000786780000)
  to   space 249344K, 0% used [0x000000076fe80000,0x000000076fe80000,0x000000077f200000)
 ParOldGen       total 531456K, used 531290K [0x00000006c0000000, 0x00000006e0700000, 0x000000076ab00000)
  object space 531456K, 99% used [0x00000006c0000000,0x00000006e06d6838,0x00000006e0700000)
 Metaspace       used 10923K, capacity 11340K, committed 11392K, reserved 1058816K
  class space    used 1246K, capacity 1375K, committed 1408K, reserved 1048576K
Event: 103.103 GC heap after
Heap after GC invocations=82 (full 72):
 PSYoungGen      total 205824K, used 85504K [0x000000076ab00000, 0x0000000797b80000, 0x00000007c0000000)
  eden space 85504K, 100% used [0x000000076ab00000,0x000000076fe80000,0x000000076fe80000)
  from space 120320K, 0% used [0x000000077f200000,0x000000077f200000,0x0000000786780000)
  to   space 249344K, 0% used [0x000000076fe80000,0x000000076fe80000,0x000000077f200000)
 ParOldGen       total 531456K, used 531289K [0x00000006c0000000, 0x00000006e0700000, 0x000000076ab00000)
  object space 531456K, 99% used [0x00000006c0000000,0x00000006e06d65d8,0x00000006e0700000)
 Metaspace       used 10923K, capacity 11340K, committed 11392K, reserved 1058816K
  class space    used 1246K, capacity 1375K, committed 1408K, reserved 1048576K
}
Event: 103.103 GC heap before
{Heap before GC invocations=83 (full 73):
 PSYoungGen      total 205824K, used 85504K [0x000000076ab00000, 0x0000000797b80000, 0x00000007c0000000)
  eden space 85504K, 100% used [0x000000076ab00000,0x000000076fe80000,0x000000076fe80000)
  from space 120320K, 0% used [0x000000077f200000,0x000000077f200000,0x0000000786780000)
  to   space 249344K, 0% used [0x000000076fe80000,0x000000076fe80000,0x000000077f200000)
 ParOldGen       total 531456K, used 531291K [0x00000006c0000000, 0x00000006e0700000, 0x000000076ab00000)
  object space 531456K, 99% used [0x00000006c0000000,0x00000006e06d6cf0,0x00000006e0700000)
 Metaspace       used 10923K, capacity 11340K, committed 11392K, reserved 1058816K
  class space    used 1246K, capacity 1375K, committed 1408K, reserved 1048576K

