# JRE version: Java(TM) SE Runtime Environment (8.0_60-b27) (build 1.8.0_60-b27)
# Java VM: Java HotSpot(TM) 64-Bit Server VM (25.60-b23 mixed mode windows-amd64 compressed oops)
Heap:
 PSYoungGen      total 750080K, used 385546K [0x000000076ab00000, 0x00000007b6a80000, 0x00000007c0000000)
  eden space 284160K, 66% used [0x000000076ab00000,0x00000007764aa8c8,0x000000077c080000)
  from space 465920K, 41% used [0x000000077c080000,0x0000000787f58010,0x0000000798780000)
  to   space 465920K, 0% used [0x000000079a380000,0x000000079a380000,0x00000007b6a80000)
 ParOldGen       total 2519552K, used 1980630K [0x00000006c0000000, 0x0000000759c80000, 0x000000076ab00000)
  object space 2519552K, 78% used [0x00000006c0000000,0x0000000738e35860,0x0000000759c80000)
 Metaspace       used 14067K, capacity 14630K, committed 14720K, reserved 1062912K
  class space    used 1530K, capacity 1658K, committed 1664K, reserved 1048576K
GC Heap History (10 events):
Event: 109.491 GC heap before
{Heap before GC invocations=31 (full 7):
 PSYoungGen      total 702464K, used 410080K [0x000000076ab00000, 0x00000007b1a00000, 0x00000007c0000000)
  eden space 236544K, 100% used [0x000000076ab00000,0x0000000779200000,0x0000000779200000)
  from space 465920K, 37% used [0x0000000779200000,0x0000000783b78030,0x0000000795900000)
  to   space 446464K, 0% used [0x0000000796600000,0x0000000796600000,0x00000007b1a00000)
 ParOldGen       total 1923072K, used 1447735K [0x00000006c0000000, 0x0000000735600000, 0x000000076ab00000)
  object space 1923072K, 75% used [0x00000006c0000000,0x00000007185cdd78,0x0000000735600000)
 Metaspace       used 13316K, capacity 13862K, committed 13952K, reserved 1060864K
  class space    used 1460K, capacity 1594K, committed 1664K, reserved 1048576K
Event: 109.873 GC heap after
Heap after GC invocations=31 (full 7):
 PSYoungGen      total 704512K, used 299968K [0x000000076ab00000, 0x00000007b2e80000, 0x00000007c0000000)
  eden space 258048K, 0% used [0x000000076ab00000,0x000000076ab00000,0x000000077a700000)
  from space 446464K, 67% used [0x0000000796600000,0x00000007a8af0030,0x00000007b1a00000)
  to   space 457728K, 0% used [0x000000077a700000,0x000000077a700000,0x0000000796600000)
 ParOldGen       total 1923072K, used 1447735K [0x00000006c0000000, 0x0000000735600000, 0x000000076ab00000)
  object space 1923072K, 75% used [0x00000006c0000000,0x00000007185cdd78,0x0000000735600000)
 Metaspace       used 13316K, capacity 13862K, committed 13952K, reserved 1060864K
  class space    used 1460K, capacity 1594K, committed 1664K, reserved 1048576K
}
Event: 112.436 GC heap before
{Heap before GC invocations=32 (full 7):
 PSYoungGen      total 704512K, used 558016K [0x000000076ab00000, 0x00000007b2e80000, 0x00000007c0000000)
  eden space 258048K, 100% used [0x000000076ab00000,0x000000077a700000,0x000000077a700000)
  from space 446464K, 67% used [0x0000000796600000,0x00000007a8af0030,0x00000007b1a00000)
  to   space 457728K, 0% used [0x000000077a700000,0x000000077a700000,0x0000000796600000)
 ParOldGen       total 1923072K, used 1447735K [0x00000006c0000000, 0x0000000735600000, 0x000000076ab00000)
  object space 1923072K, 75% used [0x00000006c0000000,0x00000007185cdd78,0x0000000735600000)
 Metaspace       used 13318K, capacity 13862K, committed 13952K, reserved 1060864K
  class space    used 1460K, capacity 1594K, committed 1664K, reserved 1048576K
Event: 113.104 GC heap after
Heap after GC invocations=32 (full 7):
 PSYoungGen      total 715776K, used 436768K [0x000000076ab00000, 0x00000007b4e80000, 0x00000007c0000000)
  eden space 258048K, 0% used [0x000000076ab00000,0x000000076ab00000,0x000000077a700000)
  from space 457728K, 95% used [0x000000077a700000,0x0000000795188030,0x0000000796600000)
  to   space 465920K, 0% used [0x0000000798780000,0x0000000798780000,0x00000007b4e80000)
 ParOldGen       total 1923072K, used 1447735K [0x00000006c0000000, 0x0000000735600000, 0x000000076ab00000)
  object space 1923072K, 75% used [0x00000006c0000000,0x00000007185cdd78,0x0000000735600000)
 Metaspace       used 13318K, capacity 13862K, committed 13952K, reserved 1060864K
  class space    used 1460K, capacity 1594K, committed 1664K, reserved 1048576K
}
Event: 113.785 GC heap before
{Heap before GC invocations=33 (full 7):
 PSYoungGen      total 715776K, used 617091K [0x000000076ab00000, 0x00000007b4e80000, 0x00000007c0000000)
  eden space 258048K, 69% used [0x000000076ab00000,0x0000000775b18fc8,0x000000077a700000)
  from space 457728K, 95% used [0x000000077a700000,0x0000000795188030,0x0000000796600000)
  to   space 465920K, 0% used [0x0000000798780000,0x0000000798780000,0x00000007b4e80000)
 ParOldGen       total 1923072K, used 1447735K [0x00000006c0000000, 0x0000000735600000, 0x000000076ab00000)
  object space 1923072K, 75% used [0x00000006c0000000,0x00000007185cdd78,0x0000000735600000)
 Metaspace       used 13318K, capacity 13862K, committed 13952K, reserved 1060864K
  class space    used 1460K, capacity 1594K, committed 1664K, reserved 1048576K
Event: 114.572 GC heap after
Heap after GC invocations=33 (full 7):
 PSYoungGen      total 750080K, used 284096K [0x000000076ab00000, 0x00000007b5480000, 0x00000007c0000000)
  eden space 284160K, 0% used [0x000000076ab00000,0x000000076ab00000,0x000000077c080000)
  from space 465920K, 60% used [0x0000000798780000,0x00000007a9cf0020,0x00000007b4e80000)
  to   space 465920K, 0% used [0x000000077c080000,0x000000077c080000,0x0000000798780000)
 ParOldGen       total 1923072K, used 1748207K [0x00000006c0000000, 0x0000000735600000, 0x000000076ab00000)
  object space 1923072K, 90% used [0x00000006c0000000,0x000000072ab3bda8,0x0000000735600000)
 Metaspace       used 13318K, capacity 13862K, committed 13952K, reserved 1060864K
  class space    used 1460K, capacity 1594K, committed 1664K, reserved 1048576K
}
Event: 114.573 GC heap before
{Heap before GC invocations=34 (full 8):
 PSYoungGen      total 750080K, used 284096K [0x000000076ab00000, 0x00000007b5480000, 0x00000007c0000000)
  eden space 284160K, 0% used [0x000000076ab00000,0x000000076ab00000,0x000000077c080000)
  from space 465920K, 60% used [0x0000000798780000,0x00000007a9cf0020,0x00000007b4e80000)
  to   space 465920K, 0% used [0x000000077c080000,0x000000077c080000,0x0000000798780000)
 ParOldGen       total 1923072K, used 1748207K [0x00000006c0000000, 0x0000000735600000, 0x000000076ab00000)
  object space 1923072K, 90% used [0x00000006c0000000,0x000000072ab3bda8,0x0000000735600000)
 Metaspace       used 13318K, capacity 13862K, committed 13952K, reserved 1060864K
  class space    used 1460K, capacity 1594K, committed 1664K, reserved 1048576K
Event: 125.619 GC heap after
Heap after GC invocations=34 (full 8):
 PSYoungGen      total 750080K, used 57536K [0x000000076ab00000, 0x00000007b5480000, 0x00000007c0000000)
  eden space 284160K, 0% used [0x000000076ab00000,0x000000076ab00000,0x000000077c080000)
  from space 465920K, 12% used [0x0000000798780000,0x000000079bfb00e0,0x00000007b4e80000)
  to   space 465920K, 0% used [0x000000077c080000,0x000000077c080000,0x0000000798780000)
 ParOldGen       total 2519552K, used 1922838K [0x00000006c0000000, 0x0000000759c80000, 0x000000076ab00000)
  object space 2519552K, 76% used [0x00000006c0000000,0x00000007355c5860,0x0000000759c80000)
 Metaspace       used 13318K, capacity 13862K, committed 13952K, reserved 1060864K
  class space    used 1460K, capacity 1594K, committed 1664K, reserved 1048576K
}
Event: 127.531 GC heap before
{Heap before GC invocations=35 (full 8):
 PSYoungGen      total 750080K, used 341696K [0x000000076ab00000, 0x00000007b5480000, 0x00000007c0000000)
  eden space 284160K, 100% used [0x000000076ab00000,0x000000077c080000,0x000000077c080000)
  from space 465920K, 12% used [0x0000000798780000,0x000000079bfb00e0,0x00000007b4e80000)
  to   space 465920K, 0% used [0x000000077c080000,0x000000077c080000,0x0000000798780000)
 ParOldGen       total 2519552K, used 1922838K [0x00000006c0000000, 0x0000000759c80000, 0x000000076ab00000)
  object space 2519552K, 76% used [0x00000006c0000000,0x00000007355c5860,0x0000000759c80000)
 Metaspace       used 13318K, capacity 13862K, committed 13952K, reserved 1060864K
  class space    used 1460K, capacity 1594K, committed 1664K, reserved 1048576K
Event: 128.131 GC heap after
Heap after GC invocations=35 (full 8):
 PSYoungGen      total 750080K, used 195424K [0x000000076ab00000, 0x00000007b6a80000, 0x00000007c0000000)
  eden space 284160K, 0% used [0x000000076ab00000,0x000000076ab00000,0x000000077c080000)
  from space 465920K, 41% used [0x000000077c080000,0x0000000787f58010,0x0000000798780000)
  to   space 465920K, 0% used [0x000000079a380000,0x000000079a380000,0x00000007b6a80000)
 ParOldGen       total 2519552K, used 1980630K [0x00000006c0000000, 0x0000000759c80000, 0x000000076ab00000)
  object space 2519552K, 78% used [0x00000006c0000000,0x0000000738e35860,0x0000000759c80000)
 Metaspace       used 13318K, capacity 13862K, committed 13952K, reserved 1060864K
  class space    used 1460K, capacity 1594K, committed 1664K, reserved 1048576K
}

