# JRE version: Java(TM) SE Runtime Environment (8.0_60-b27) (build 1.8.0_60-b27)
# Java VM: Java HotSpot(TM) 64-Bit Server VM (25.60-b23 mixed mode windows-amd64 compressed oops)
Heap:
 PSYoungGen      total 423424K, used 260539K [0x000000076ab00000, 0x000000079a780000, 0x00000007c0000000)
  eden space 168960K, 10% used [0x000000076ab00000,0x000000076bb863a8,0x0000000775000000)
  from space 254464K, 95% used [0x0000000775000000,0x0000000783de8a50,0x0000000784880000)
  to   space 293376K, 0% used [0x0000000788900000,0x0000000788900000,0x000000079a780000)
 ParOldGen       total 731136K, used 465940K [0x00000006c0000000, 0x00000006eca00000, 0x000000076ab00000)
  object space 731136K, 63% used [0x00000006c0000000,0x00000006dc705030,0x00000006eca00000)
 Metaspace       used 9889K, capacity 10274K, committed 10496K, reserved 1058816K
  class space    used 1149K, capacity 1280K, committed 1280K, reserved 1048576K
GC Heap History (10 events):
Event: 6.932 GC heap before
{Heap before GC invocations=11 (full 3):
 PSYoungGen      total 233472K, used 146432K [0x000000076ab00000, 0x0000000788100000, 0x00000007c0000000)
  eden space 146432K, 100% used [0x000000076ab00000,0x0000000773a00000,0x0000000773a00000)
  from space 87040K, 0% used [0x0000000773a00000,0x0000000773a00000,0x0000000778f00000)
  to   space 137216K, 0% used [0x000000077fb00000,0x000000077fb00000,0x0000000788100000)
 ParOldGen       total 492544K, used 297240K [0x00000006c0000000, 0x00000006de100000, 0x000000076ab00000)
  object space 492544K, 60% used [0x00000006c0000000,0x00000006d2246138,0x00000006de100000)
 Metaspace       used 9227K, capacity 9438K, committed 9728K, reserved 1058816K
  class space    used 1063K, capacity 1167K, committed 1280K, reserved 1048576K
Event: 7.049 GC heap after
Heap after GC invocations=11 (full 3):
 PSYoungGen      total 308224K, used 69696K [0x000000076ab00000, 0x0000000786c00000, 0x00000007c0000000)
  eden space 192512K, 0% used [0x000000076ab00000,0x000000076ab00000,0x0000000776700000)
  from space 115712K, 60% used [0x000000077fb00000,0x0000000783f10000,0x0000000786c00000)
  to   space 133632K, 0% used [0x0000000776700000,0x0000000776700000,0x000000077e980000)
 ParOldGen       total 492544K, used 297240K [0x00000006c0000000, 0x00000006de100000, 0x000000076ab00000)
  object space 492544K, 60% used [0x00000006c0000000,0x00000006d2246138,0x00000006de100000)
 Metaspace       used 9227K, capacity 9438K, committed 9728K, reserved 1058816K
  class space    used 1063K, capacity 1167K, committed 1280K, reserved 1048576K
}
Event: 7.421 GC heap before
{Heap before GC invocations=12 (full 3):
 PSYoungGen      total 308224K, used 262208K [0x000000076ab00000, 0x0000000786c00000, 0x00000007c0000000)
  eden space 192512K, 100% used [0x000000076ab00000,0x0000000776700000,0x0000000776700000)
  from space 115712K, 60% used [0x000000077fb00000,0x0000000783f10000,0x0000000786c00000)
  to   space 133632K, 0% used [0x0000000776700000,0x0000000776700000,0x000000077e980000)
 ParOldGen       total 492544K, used 297240K [0x00000006c0000000, 0x00000006de100000, 0x000000076ab00000)
  object space 492544K, 60% used [0x00000006c0000000,0x00000006d2246138,0x00000006de100000)
 Metaspace       used 9227K, capacity 9438K, committed 9728K, reserved 1058816K
  class space    used 1063K, capacity 1167K, committed 1280K, reserved 1048576K
Event: 7.653 GC heap after
Heap after GC invocations=12 (full 3):
 PSYoungGen      total 326144K, used 133600K [0x000000076ab00000, 0x0000000790080000, 0x00000007c0000000)
  eden space 192512K, 0% used [0x000000076ab00000,0x000000076ab00000,0x0000000776700000)
  from space 133632K, 99% used [0x0000000776700000,0x000000077e978030,0x000000077e980000)
  to   space 188416K, 0% used [0x0000000784880000,0x0000000784880000,0x0000000790080000)
 ParOldGen       total 492544K, used 378008K [0x00000006c0000000, 0x00000006de100000, 0x000000076ab00000)
  object space 492544K, 76% used [0x00000006c0000000,0x00000006d7126138,0x00000006de100000)
 Metaspace       used 9227K, capacity 9438K, committed 9728K, reserved 1058816K
  class space    used 1063K, capacity 1167K, committed 1280K, reserved 1048576K
}
Event: 10.661 GC heap before
{Heap before GC invocations=13 (full 3):
 PSYoungGen      total 326144K, used 326112K [0x000000076ab00000, 0x0000000790080000, 0x00000007c0000000)
  eden space 192512K, 100% used [0x000000076ab00000,0x0000000776700000,0x0000000776700000)
  from space 133632K, 99% used [0x0000000776700000,0x000000077e978030,0x000000077e980000)
  to   space 188416K, 0% used [0x0000000784880000,0x0000000784880000,0x0000000790080000)
 ParOldGen       total 492544K, used 378008K [0x00000006c0000000, 0x00000006de100000, 0x000000076ab00000)
  object space 492544K, 76% used [0x00000006c0000000,0x00000006d7126138,0x00000006de100000)
 Metaspace       used 9303K, capacity 9596K, committed 9728K, reserved 1058816K
  class space    used 1069K, capacity 1172K, committed 1280K, reserved 1048576K
Event: 10.895 GC heap after
Heap after GC invocations=13 (full 3):
 PSYoungGen      total 357376K, used 188397K [0x000000076ab00000, 0x0000000797c80000, 0x00000007c0000000)
  eden space 168960K, 0% used [0x000000076ab00000,0x000000076ab00000,0x0000000775000000)
  from space 188416K, 99% used [0x0000000784880000,0x000000079007b560,0x0000000790080000)
  to   space 254464K, 0% used [0x0000000775000000,0x0000000775000000,0x0000000784880000)
 ParOldGen       total 492544K, used 472921K [0x00000006c0000000, 0x00000006de100000, 0x000000076ab00000)
  object space 492544K, 96% used [0x00000006c0000000,0x00000006dcdd6728,0x00000006de100000)
 Metaspace       used 9303K, capacity 9596K, committed 9728K, reserved 1058816K
  class space    used 1069K, capacity 1172K, committed 1280K, reserved 1048576K
}
Event: 10.898 GC heap before
{Heap before GC invocations=14 (full 4):
 PSYoungGen      total 357376K, used 188397K [0x000000076ab00000, 0x0000000797c80000, 0x00000007c0000000)
  eden space 168960K, 0% used [0x000000076ab00000,0x000000076ab00000,0x0000000775000000)
  from space 188416K, 99% used [0x0000000784880000,0x000000079007b560,0x0000000790080000)
  to   space 254464K, 0% used [0x0000000775000000,0x0000000775000000,0x0000000784880000)
 ParOldGen       total 492544K, used 472921K [0x00000006c0000000, 0x00000006de100000, 0x000000076ab00000)
  object space 492544K, 96% used [0x00000006c0000000,0x00000006dcdd6728,0x00000006de100000)
 Metaspace       used 9303K, capacity 9596K, committed 9728K, reserved 1058816K
  class space    used 1069K, capacity 1172K, committed 1280K, reserved 1048576K
Event: 17.729 GC heap after
Heap after GC invocations=14 (full 4):
 PSYoungGen      total 357376K, used 152507K [0x000000076ab00000, 0x0000000797c80000, 0x00000007c0000000)
  eden space 168960K, 0% used [0x000000076ab00000,0x000000076ab00000,0x0000000775000000)
  from space 188416K, 80% used [0x0000000784880000,0x000000078dd6ed00,0x0000000790080000)
  to   space 254464K, 0% used [0x0000000775000000,0x0000000775000000,0x0000000784880000)
 ParOldGen       total 731136K, used 457348K [0x00000006c0000000, 0x00000006eca00000, 0x000000076ab00000)
  object space 731136K, 62% used [0x00000006c0000000,0x00000006dbea1030,0x00000006eca00000)
 Metaspace       used 9303K, capacity 9596K, committed 9728K, reserved 1058816K
  class space    used 1069K, capacity 1172K, committed 1280K, reserved 1048576K
}
Event: 19.463 GC heap before
{Heap before GC invocations=15 (full 4):
 PSYoungGen      total 357376K, used 321467K [0x000000076ab00000, 0x0000000797c80000, 0x00000007c0000000)
  eden space 168960K, 100% used [0x000000076ab00000,0x0000000775000000,0x0000000775000000)
  from space 188416K, 80% used [0x0000000784880000,0x000000078dd6ed00,0x0000000790080000)
  to   space 254464K, 0% used [0x0000000775000000,0x0000000775000000,0x0000000784880000)
 ParOldGen       total 731136K, used 457348K [0x00000006c0000000, 0x00000006eca00000, 0x000000076ab00000)
  object space 731136K, 62% used [0x00000006c0000000,0x00000006dbea1030,0x00000006eca00000)
 Metaspace       used 9863K, capacity 10210K, committed 10240K, reserved 1058816K
  class space    used 1148K, capacity 1280K, committed 1280K, reserved 1048576K
Event: 20.003 GC heap after
Heap after GC invocations=15 (full 4):
 PSYoungGen      total 423424K, used 243618K [0x000000076ab00000, 0x000000079a780000, 0x00000007c0000000)
  eden space 168960K, 0% used [0x000000076ab00000,0x000000076ab00000,0x0000000775000000)
  from space 254464K, 95% used [0x0000000775000000,0x0000000783de8a50,0x0000000784880000)
  to   space 293376K, 0% used [0x0000000788900000,0x0000000788900000,0x000000079a780000)
 ParOldGen       total 731136K, used 465940K [0x00000006c0000000, 0x00000006eca00000, 0x000000076ab00000)
  object space 731136K, 63% used [0x00000006c0000000,0x00000006dc705030,0x00000006eca00000)
 Metaspace       used 9863K, capacity 10210K, committed 10240K, reserved 1058816K
  class space    used 1148K, capacity 1280K, committed 1280K, reserved 1048576K
}

