# JRE version: Java(TM) SE Runtime Environment (8.0_60-b27) (build 1.8.0_60-b27)
# Java VM: Java HotSpot(TM) 64-Bit Server VM (25.60-b23 mixed mode windows-amd64 compressed oops)
Heap:
 PSYoungGen      total 777728K, used 361612K [0x000000076ab00000, 0x00000007b7300000, 0x00000007c0000000)
  eden space 311808K, 21% used [0x000000076ab00000,0x000000076eb9ae90,0x000000077db80000)
  from space 465920K, 63% used [0x000000077db80000,0x000000078fc083b0,0x000000079a280000)
  to   space 465920K, 0% used [0x000000079a280000,0x000000079a280000,0x00000007b6980000)
 ParOldGen       total 2497024K, used 2496988K [0x00000006c0000000, 0x0000000758680000, 0x000000076ab00000)
  object space 2497024K, 99% used [0x00000006c0000000,0x0000000758677020,0x0000000758680000)
 Metaspace       used 15204K, capacity 15774K, committed 16000K, reserved 1062912K
  class space    used 1632K, capacity 1796K, committed 1920K, reserved 1048576K
GC Heap History (10 events):
Event: 64.386 GC heap before
{Heap before GC invocations=41 (full 9):
 PSYoungGen      total 733184K, used 267264K [0x000000076ab00000, 0x00000007b5800000, 0x00000007c0000000)
  eden space 267264K, 100% used [0x000000076ab00000,0x000000077b000000,0x000000077b000000)
  from space 465920K, 0% used [0x000000077b000000,0x000000077b000000,0x0000000797700000)
  to   space 465920K, 0% used [0x0000000799100000,0x0000000799100000,0x00000007b5800000)
 ParOldGen       total 2497024K, used 2007445K [0x00000006c0000000, 0x0000000758680000, 0x000000076ab00000)
  object space 2497024K, 80% used [0x00000006c0000000,0x000000073a865570,0x0000000758680000)
 Metaspace       used 15113K, capacity 15646K, committed 16000K, reserved 1062912K
  class space    used 1626K, capacity 1796K, committed 1920K, reserved 1048576K
Event: 64.391 GC heap after
Heap after GC invocations=41 (full 9):
 PSYoungGen      total 751616K, used 96K [0x000000076ab00000, 0x00000007b5400000, 0x00000007c0000000)
  eden space 289792K, 0% used [0x000000076ab00000,0x000000076ab00000,0x000000077c600000)
  from space 461824K, 0% used [0x0000000799100000,0x0000000799118000,0x00000007b5400000)
  to   space 465920K, 0% used [0x000000077c600000,0x000000077c600000,0x0000000798d00000)
 ParOldGen       total 2497024K, used 2007445K [0x00000006c0000000, 0x0000000758680000, 0x000000076ab00000)
  object space 2497024K, 80% used [0x00000006c0000000,0x000000073a865570,0x0000000758680000)
 Metaspace       used 15113K, capacity 15646K, committed 16000K, reserved 1062912K
  class space    used 1626K, capacity 1796K, committed 1920K, reserved 1048576K
}
Event: 64.546 GC heap before
{Heap before GC invocations=42 (full 9):
 PSYoungGen      total 751616K, used 289888K [0x000000076ab00000, 0x00000007b5400000, 0x00000007c0000000)
  eden space 289792K, 100% used [0x000000076ab00000,0x000000077c600000,0x000000077c600000)
  from space 461824K, 0% used [0x0000000799100000,0x0000000799118000,0x00000007b5400000)
  to   space 465920K, 0% used [0x000000077c600000,0x000000077c600000,0x0000000798d00000)
 ParOldGen       total 2497024K, used 2007445K [0x00000006c0000000, 0x0000000758680000, 0x000000076ab00000)
  object space 2497024K, 80% used [0x00000006c0000000,0x000000073a865570,0x0000000758680000)
 Metaspace       used 15139K, capacity 15710K, committed 16000K, reserved 1062912K
  class space    used 1629K, capacity 1796K, committed 1920K, reserved 1048576K
Event: 64.593 GC heap after
Heap after GC invocations=42 (full 9):
 PSYoungGen      total 755712K, used 188107K [0x000000076ab00000, 0x00000007b6980000, 0x00000007c0000000)
  eden space 289792K, 0% used [0x000000076ab00000,0x000000076ab00000,0x000000077c600000)
  from space 465920K, 40% used [0x000000077c600000,0x0000000787db2c10,0x0000000798d00000)
  to   space 465920K, 0% used [0x000000079a280000,0x000000079a280000,0x00000007b6980000)
 ParOldGen       total 2497024K, used 2007453K [0x00000006c0000000, 0x0000000758680000, 0x000000076ab00000)
  object space 2497024K, 80% used [0x00000006c0000000,0x000000073a867570,0x0000000758680000)
 Metaspace       used 15139K, capacity 15710K, committed 16000K, reserved 1062912K
  class space    used 1629K, capacity 1796K, committed 1920K, reserved 1048576K
}
Event: 64.629 GC heap before
{Heap before GC invocations=43 (full 9):
 PSYoungGen      total 755712K, used 477899K [0x000000076ab00000, 0x00000007b6980000, 0x00000007c0000000)
  eden space 289792K, 100% used [0x000000076ab00000,0x000000077c600000,0x000000077c600000)
  from space 465920K, 40% used [0x000000077c600000,0x0000000787db2c10,0x0000000798d00000)
  to   space 465920K, 0% used [0x000000079a280000,0x000000079a280000,0x00000007b6980000)
 ParOldGen       total 2497024K, used 2007453K [0x00000006c0000000, 0x0000000758680000, 0x000000076ab00000)
  object space 2497024K, 80% used [0x00000006c0000000,0x000000073a867570,0x0000000758680000)
 Metaspace       used 15139K, capacity 15710K, committed 16000K, reserved 1062912K
  class space    used 1629K, capacity 1796K, committed 1920K, reserved 1048576K
Event: 64.732 GC heap after
Heap after GC invocations=43 (full 9):
 PSYoungGen      total 777728K, used 296256K [0x000000076ab00000, 0x00000007b7300000, 0x00000007c0000000)
  eden space 311808K, 0% used [0x000000076ab00000,0x000000076ab00000,0x000000077db80000)
  from space 465920K, 63% used [0x000000079a280000,0x00000007ac3d0000,0x00000007b6980000)
  to   space 465920K, 0% used [0x000000077db80000,0x000000077db80000,0x000000079a280000)
 ParOldGen       total 2497024K, used 2192098K [0x00000006c0000000, 0x0000000758680000, 0x000000076ab00000)
  object space 2497024K, 87% used [0x00000006c0000000,0x0000000745cb8b60,0x0000000758680000)
 Metaspace       used 15139K, capacity 15710K, committed 16000K, reserved 1062912K
  class space    used 1629K, capacity 1796K, committed 1920K, reserved 1048576K
}
Event: 64.769 GC heap before
{Heap before GC invocations=44 (full 9):
 PSYoungGen      total 777728K, used 608064K [0x000000076ab00000, 0x00000007b7300000, 0x00000007c0000000)
  eden space 311808K, 100% used [0x000000076ab00000,0x000000077db80000,0x000000077db80000)
  from space 465920K, 63% used [0x000000079a280000,0x00000007ac3d0000,0x00000007b6980000)
  to   space 465920K, 0% used [0x000000077db80000,0x000000077db80000,0x000000079a280000)
 ParOldGen       total 2497024K, used 2192098K [0x00000006c0000000, 0x0000000758680000, 0x000000076ab00000)
  object space 2497024K, 87% used [0x00000006c0000000,0x0000000745cb8b60,0x0000000758680000)
 Metaspace       used 15139K, capacity 15710K, committed 16000K, reserved 1062912K
  class space    used 1629K, capacity 1796K, committed 1920K, reserved 1048576K
Event: 64.917 GC heap after
Heap after GC invocations=44 (full 9):
 PSYoungGen      total 777728K, used 318496K [0x000000076ab00000, 0x00000007b7300000, 0x00000007c0000000)
  eden space 311808K, 0% used [0x000000076ab00000,0x000000076ab00000,0x000000077db80000)
  from space 465920K, 68% used [0x000000077db80000,0x0000000791288000,0x000000079a280000)
  to   space 465920K, 0% used [0x000000079a280000,0x000000079a280000,0x00000007b6980000)
 ParOldGen       total 2497024K, used 2481849K [0x00000006c0000000, 0x0000000758680000, 0x000000076ab00000)
  object space 2497024K, 99% used [0x00000006c0000000,0x00000007577ae440,0x0000000758680000)
 Metaspace       used 15139K, capacity 15710K, committed 16000K, reserved 1062912K
  class space    used 1629K, capacity 1796K, committed 1920K, reserved 1048576K
}
Event: 64.917 GC heap before
{Heap before GC invocations=45 (full 10):
 PSYoungGen      total 777728K, used 318496K [0x000000076ab00000, 0x00000007b7300000, 0x00000007c0000000)
  eden space 311808K, 0% used [0x000000076ab00000,0x000000076ab00000,0x000000077db80000)
  from space 465920K, 68% used [0x000000077db80000,0x0000000791288000,0x000000079a280000)
  to   space 465920K, 0% used [0x000000079a280000,0x000000079a280000,0x00000007b6980000)
 ParOldGen       total 2497024K, used 2481849K [0x00000006c0000000, 0x0000000758680000, 0x000000076ab00000)
  object space 2497024K, 99% used [0x00000006c0000000,0x00000007577ae440,0x0000000758680000)
 Metaspace       used 15139K, capacity 15710K, committed 16000K, reserved 1062912K
  class space    used 1629K, capacity 1796K, committed 1920K, reserved 1048576K
Event: 71.362 GC heap after
Heap after GC invocations=45 (full 10):
 PSYoungGen      total 777728K, used 295456K [0x000000076ab00000, 0x00000007b7300000, 0x00000007c0000000)
  eden space 311808K, 0% used [0x000000076ab00000,0x000000076ab00000,0x000000077db80000)
  from space 465920K, 63% used [0x000000077db80000,0x000000078fc083b0,0x000000079a280000)
  to   space 465920K, 0% used [0x000000079a280000,0x000000079a280000,0x00000007b6980000)
 ParOldGen       total 2497024K, used 2496988K [0x00000006c0000000, 0x0000000758680000, 0x000000076ab00000)
  object space 2497024K, 99% used [0x00000006c0000000,0x0000000758677020,0x0000000758680000)
 Metaspace       used 15139K, capacity 15710K, committed 16000K, reserved 1062912K
  class space    used 1629K, capacity 1796K, committed 1920K, reserved 1048576K
}

